02:10:50.363 FINE | Run command: java -Xmx1024m -classpath logist/logist.jar logist.LogistPlatform -o tournament\tour\auction-group_34-group_05.xml -a tournament\tour\agents.xml .\config\auction.xml group_34 group_05
02:10:50.492 CONFIG | Reading .\config\auction.xml
02:10:50.570 CONFIG | Reading config\settings_auction.xml
02:10:50.617 CONFIG | Reading config\topology\the_netherlands.xml
02:10:50.633 CONFIG | Reading tournament\tour\agents.xml
02:10:50.664 CONFIG | Reading config\settings_auction.xml
02:10:50.664 WARNING | Entering setup
02:10:50.664 CONFIG | Reading config\settings_auction.xml
02:10:50.664 WARNING | 1
02:10:50.664 WARNING | 30300
02:10:50.680 WARNING | 12120
02:10:50.680 WARNING | Exiting setup
02:11:02.722 CONFIG | [askPrice] 1623.0 1192.6797871225867
02:11:02.722 WARNING | 0
02:11:02.722 CONFIG | Initial Plan.
02:11:02.722 CONFIG | 0: 600->601->.
02:11:02.722 CONFIG | 1: .
02:11:02.722 CONFIG | ******************************
02:11:02.753 CONFIG | Initial Plan.
02:11:02.753 CONFIG | 0: 600->601->.
02:11:02.753 CONFIG | 1: .
02:11:02.753 CONFIG | ******************************
02:11:02.769 CONFIG | Initial Plan.
02:11:02.769 CONFIG | 0: 600->601->.
02:11:02.769 CONFIG | 1: .
02:11:02.769 CONFIG | ******************************
02:11:02.769 CONFIG | Initial Plan.
02:11:02.769 CONFIG | 0: 600->601->.
02:11:02.769 CONFIG | 1: .
02:11:02.769 CONFIG | ******************************
02:11:02.784 CONFIG | Initial Plan.
02:11:02.784 CONFIG | 0: 600->601->.
02:11:02.784 CONFIG | 1: .
02:11:02.784 CONFIG | ******************************
02:11:02.784 CONFIG | Initial Plan.
02:11:02.784 CONFIG | 0: 0->1->.
02:11:02.784 CONFIG | 1: .
02:11:02.784 CONFIG | ******************************
02:11:02.800 CONFIG | Initial Plan.
02:11:02.800 CONFIG | 0: 600->601->.
02:11:02.800 CONFIG | 1: 0->1->.
02:11:02.800 CONFIG | ******************************
02:11:02.831 CONFIG | Initial Plan.
02:11:02.831 CONFIG | 0: 600->601->.
02:11:02.831 CONFIG | 1: 0->1->.
02:11:02.831 CONFIG | ******************************
02:11:02.847 CONFIG | Initial Plan.
02:11:02.847 CONFIG | 0: 600->601->.
02:11:02.847 CONFIG | 1: 0->1->.
02:11:02.847 CONFIG | ******************************
02:11:02.878 CONFIG | Initial Plan.
02:11:02.878 CONFIG | 0: 600->601->.
02:11:02.878 CONFIG | 1: 0->1->.
02:11:02.878 CONFIG | ******************************
02:11:02.893 CONFIG | Initial Plan.
02:11:02.893 CONFIG | 0: 600->601->.
02:11:02.893 CONFIG | 1: 0->1->.
02:11:02.893 CONFIG | ******************************
02:11:02.925 CONFIG | 0.7272727272727273
02:11:02.925 CONFIG | Wins: 0
02:11:02.925 CONFIG | [auctionResult0] Winner: 1; previous: (Task 0, 15 kg, 1063 CHF, Den Haag -> Almere); bids:
02:11:02.925 CONFIG | 	1193
02:11:02.925 CONFIG | 	1063
02:11:14.962 CONFIG | [askPrice] 2027.0 1783.7600000000002
02:11:14.962 WARNING | 1
02:11:14.962 CONFIG | Initial Plan.
02:11:14.962 CONFIG | 0: 600->601->.
02:11:14.962 CONFIG | 1: 0->1->.
02:11:14.962 CONFIG | ******************************
02:11:14.977 CONFIG | Initial Plan.
02:11:14.977 CONFIG | 0: 600->601->.
02:11:14.977 CONFIG | 1: 0->1->.
02:11:14.977 CONFIG | ******************************
02:11:14.977 CONFIG | Initial Plan.
02:11:14.977 CONFIG | 0: 600->601->.
02:11:14.977 CONFIG | 1: 0->1->.
02:11:14.977 CONFIG | ******************************
02:11:14.993 CONFIG | Initial Plan.
02:11:14.993 CONFIG | 0: 600->601->.
02:11:14.993 CONFIG | 1: 0->1->.
02:11:14.993 CONFIG | ******************************
02:11:14.993 CONFIG | Initial Plan.
02:11:14.993 CONFIG | 0: 600->601->.
02:11:14.993 CONFIG | 1: 0->1->.
02:11:14.993 CONFIG | ******************************
02:11:15.008 CONFIG | Initial Plan.
02:11:15.008 CONFIG | 0: 2->3->.
02:11:15.008 CONFIG | 1: 0->1->.
02:11:15.008 CONFIG | ******************************
02:11:15.024 CONFIG | Initial Plan.
02:11:15.024 CONFIG | 0: 600->601->2->3->.
02:11:15.024 CONFIG | 1: 0->1->.
02:11:15.024 CONFIG | ******************************
02:11:15.040 CONFIG | Initial Plan.
02:11:15.040 CONFIG | 0: 600->601->2->3->.
02:11:15.040 CONFIG | 1: 0->1->.
02:11:15.040 CONFIG | ******************************
02:11:15.055 CONFIG | Initial Plan.
02:11:15.055 CONFIG | 0: 600->601->2->3->.
02:11:15.055 CONFIG | 1: 0->1->.
02:11:15.055 CONFIG | ******************************
02:11:15.071 CONFIG | Initial Plan.
02:11:15.071 CONFIG | 0: 600->601->2->3->.
02:11:15.071 CONFIG | 1: 0->1->.
02:11:15.071 CONFIG | ******************************
02:11:15.109 CONFIG | Initial Plan.
02:11:15.109 CONFIG | 0: 600->601->2->3->.
02:11:15.109 CONFIG | 1: 0->1->.
02:11:15.109 CONFIG | ******************************
02:11:15.129 CONFIG | Wins: 1
02:11:15.130 CONFIG | [auctionResult0] Winner: 0; previous: (Task 1, 15 kg, 1784 CHF, Eindhoven -> Rotterdam); bids:
02:11:15.130 CONFIG | 	1784
02:11:15.130 CONFIG | 	2508
02:11:27.161 CONFIG | [askPrice] 1290.0 1248.7200000000003
02:11:27.161 WARNING | 2
02:11:27.161 CONFIG | Initial Plan.
02:11:27.162 CONFIG | 0: 600->601->.
02:11:27.162 CONFIG | 1: 0->1->.
02:11:27.162 CONFIG | ******************************
02:11:27.171 CONFIG | Initial Plan.
02:11:27.171 CONFIG | 0: 600->601->.
02:11:27.171 CONFIG | 1: 0->1->.
02:11:27.171 CONFIG | ******************************
02:11:27.179 CONFIG | Initial Plan.
02:11:27.180 CONFIG | 0: 600->601->.
02:11:27.180 CONFIG | 1: 0->1->.
02:11:27.183 CONFIG | ******************************
02:11:27.190 CONFIG | Initial Plan.
02:11:27.190 CONFIG | 0: 600->601->.
02:11:27.190 CONFIG | 1: 0->1->.
02:11:27.190 CONFIG | ******************************
02:11:27.203 CONFIG | Initial Plan.
02:11:27.203 CONFIG | 0: 600->601->.
02:11:27.203 CONFIG | 1: 0->1->.
02:11:27.203 CONFIG | ******************************
02:11:27.211 CONFIG | Initial Plan.
02:11:27.211 CONFIG | 0: 4->5->.
02:11:27.211 CONFIG | 1: 0->1->.
02:11:27.211 CONFIG | ******************************
02:11:27.211 CONFIG | Initial Plan.
02:11:27.211 CONFIG | 0: 600->601->.
02:11:27.211 CONFIG | 1: 0->1->4->5->.
02:11:27.211 CONFIG | ******************************
02:11:27.242 CONFIG | Initial Plan.
02:11:27.242 CONFIG | 0: 600->601->.
02:11:27.242 CONFIG | 1: 0->1->4->5->.
02:11:27.242 CONFIG | ******************************
02:11:27.242 CONFIG | Initial Plan.
02:11:27.242 CONFIG | 0: 600->601->.
02:11:27.242 CONFIG | 1: 0->1->4->5->.
02:11:27.242 CONFIG | ******************************
02:11:27.257 CONFIG | Initial Plan.
02:11:27.257 CONFIG | 0: 600->601->.
02:11:27.257 CONFIG | 1: 0->1->4->5->.
02:11:27.257 CONFIG | ******************************
02:11:27.273 CONFIG | Initial Plan.
02:11:27.273 CONFIG | 0: 600->601->.
02:11:27.273 CONFIG | 1: 0->1->4->5->.
02:11:27.273 CONFIG | ******************************
02:11:27.289 CONFIG | 0.7272727272727273
02:11:27.289 CONFIG | Wins: 1
02:11:27.289 CONFIG | [auctionResult0] Winner: 1; previous: (Task 2, 15 kg, 1041 CHF, Almere -> Den Haag); bids:
02:11:27.289 CONFIG | 	1249
02:11:27.289 CONFIG | 	1041
02:11:39.320 CONFIG | [askPrice] 890.0 2007.2800000000002
02:11:39.320 WARNING | 3
02:11:39.320 CONFIG | Initial Plan.
02:11:39.321 CONFIG | 0: 600->601->.
02:11:39.321 CONFIG | 1: 0->1->4->5->.
02:11:39.321 CONFIG | ******************************
02:11:39.336 CONFIG | Initial Plan.
02:11:39.336 CONFIG | 0: 600->601->.
02:11:39.336 CONFIG | 1: 0->1->4->5->.
02:11:39.336 CONFIG | ******************************
02:11:39.352 CONFIG | Initial Plan.
02:11:39.352 CONFIG | 0: 600->601->.
02:11:39.352 CONFIG | 1: 0->1->4->5->.
02:11:39.352 CONFIG | ******************************
02:11:39.352 CONFIG | Initial Plan.
02:11:39.352 CONFIG | 0: 600->601->.
02:11:39.352 CONFIG | 1: 0->1->4->5->.
02:11:39.352 CONFIG | ******************************
02:11:39.368 CONFIG | Initial Plan.
02:11:39.368 CONFIG | 0: 600->601->.
02:11:39.368 CONFIG | 1: 0->1->4->5->.
02:11:39.368 CONFIG | ******************************
02:11:39.399 CONFIG | Initial Plan.
02:11:39.399 CONFIG | 0: 6->7->.
02:11:39.399 CONFIG | 1: 0->1->4->5->.
02:11:39.399 CONFIG | ******************************
02:11:39.414 CONFIG | Initial Plan.
02:11:39.414 CONFIG | 0: 600->601->0->6->7->4->1->5->.
02:11:39.414 CONFIG | 1: .
02:11:39.414 CONFIG | ******************************
02:11:39.446 CONFIG | Initial Plan.
02:11:39.446 CONFIG | 0: 600->601->0->6->7->4->1->5->.
02:11:39.446 CONFIG | 1: .
02:11:39.446 CONFIG | ******************************
02:11:39.461 CONFIG | Initial Plan.
02:11:39.477 CONFIG | 0: 600->601->0->6->7->4->1->5->.
02:11:39.477 CONFIG | 1: .
02:11:39.477 CONFIG | ******************************
02:11:39.508 CONFIG | Initial Plan.
02:11:39.508 CONFIG | 0: 600->601->0->6->7->4->1->5->.
02:11:39.508 CONFIG | 1: .
02:11:39.508 CONFIG | ******************************
02:11:39.524 CONFIG | Initial Plan.
02:11:39.524 CONFIG | 0: 600->601->0->6->7->4->1->5->.
02:11:39.524 CONFIG | 1: .
02:11:39.524 CONFIG | ******************************
02:11:39.555 CONFIG | Wins: 2
02:11:39.555 CONFIG | [auctionResult0] Winner: 0; previous: (Task 3, 15 kg, 2007 CHF, Eindhoven -> Utrecht); bids:
02:11:39.555 CONFIG | 	2007
02:11:39.555 CONFIG | 	2156
02:11:51.593 CONFIG | [askPrice] 1837.0 1889.5360000000003
02:11:51.593 WARNING | 4
02:11:51.593 CONFIG | Initial Plan.
02:11:51.593 CONFIG | 0: 600->601->.
02:11:51.593 CONFIG | 1: 0->1->4->5->.
02:11:51.593 CONFIG | ******************************
02:11:51.593 CONFIG | Initial Plan.
02:11:51.593 CONFIG | 0: 600->601->.
02:11:51.593 CONFIG | 1: 0->1->4->5->.
02:11:51.593 CONFIG | ******************************
02:11:51.609 CONFIG | Initial Plan.
02:11:51.609 CONFIG | 0: 600->601->.
02:11:51.609 CONFIG | 1: 0->1->4->5->.
02:11:51.609 CONFIG | ******************************
02:11:51.624 CONFIG | Initial Plan.
02:11:51.624 CONFIG | 0: 600->601->.
02:11:51.624 CONFIG | 1: 0->1->4->5->.
02:11:51.624 CONFIG | ******************************
02:11:51.640 CONFIG | Initial Plan.
02:11:51.640 CONFIG | 0: 600->601->.
02:11:51.640 CONFIG | 1: 0->1->4->5->.
02:11:51.640 CONFIG | ******************************
02:11:51.640 CONFIG | Initial Plan.
02:11:51.640 CONFIG | 0: 8->9->.
02:11:51.640 CONFIG | 1: 0->1->4->5->.
02:11:51.640 CONFIG | ******************************
02:11:51.655 CONFIG | Initial Plan.
02:11:51.655 CONFIG | 0: 600->601->0->8->1->4->9->5->.
02:11:51.655 CONFIG | 1: .
02:11:51.655 CONFIG | ******************************
02:11:51.680 CONFIG | Initial Plan.
02:11:51.680 CONFIG | 0: 600->601->0->8->1->4->9->5->.
02:11:51.680 CONFIG | 1: .
02:11:51.680 CONFIG | ******************************
02:11:51.696 CONFIG | Initial Plan.
02:11:51.696 CONFIG | 0: 600->601->0->8->1->4->9->5->.
02:11:51.696 CONFIG | 1: .
02:11:51.696 CONFIG | ******************************
02:11:51.711 CONFIG | Initial Plan.
02:11:51.711 CONFIG | 0: 600->601->0->8->1->4->9->5->.
02:11:51.711 CONFIG | 1: .
02:11:51.711 CONFIG | ******************************
02:11:51.742 CONFIG | Initial Plan.
02:11:51.742 CONFIG | 0: 600->601->0->8->1->4->9->5->.
02:11:51.742 CONFIG | 1: .
02:11:51.742 CONFIG | ******************************
02:11:51.758 CONFIG | Wins: 3
02:11:51.758 CONFIG | [auctionResult0] Winner: 0; previous: (Task 4, 15 kg, 1890 CHF, Eindhoven -> Almere); bids:
02:11:51.758 CONFIG | 	1890
02:11:51.758 CONFIG | 	2091
02:12:03.783 CONFIG | [askPrice] 2094.0 1798.420421324752
02:12:03.783 WARNING | 5
02:12:03.783 CONFIG | Initial Plan.
02:12:03.783 CONFIG | 0: 600->601->.
02:12:03.783 CONFIG | 1: 0->1->4->5->.
02:12:03.783 CONFIG | ******************************
02:12:03.783 CONFIG | Initial Plan.
02:12:03.783 CONFIG | 0: 600->601->.
02:12:03.783 CONFIG | 1: 0->1->4->5->.
02:12:03.783 CONFIG | ******************************
02:12:03.798 CONFIG | Initial Plan.
02:12:03.798 CONFIG | 0: 600->601->.
02:12:03.798 CONFIG | 1: 0->1->4->5->.
02:12:03.798 CONFIG | ******************************
02:12:03.816 CONFIG | Initial Plan.
02:12:03.816 CONFIG | 0: 600->601->.
02:12:03.816 CONFIG | 1: 0->1->4->5->.
02:12:03.816 CONFIG | ******************************
02:12:03.828 CONFIG | Initial Plan.
02:12:03.828 CONFIG | 0: 600->601->.
02:12:03.828 CONFIG | 1: 0->1->4->5->.
02:12:03.828 CONFIG | ******************************
02:12:03.834 CONFIG | Initial Plan.
02:12:03.834 CONFIG | 0: 10->11->.
02:12:03.834 CONFIG | 1: 0->1->4->5->.
02:12:03.834 CONFIG | ******************************
02:12:03.850 CONFIG | Initial Plan.
02:12:03.850 CONFIG | 0: 600->601->0->1->4->10->11->5->.
02:12:03.850 CONFIG | 1: .
02:12:03.850 CONFIG | ******************************
02:12:03.886 CONFIG | Initial Plan.
02:12:03.886 CONFIG | 0: 600->601->0->1->4->10->11->5->.
02:12:03.886 CONFIG | 1: .
02:12:03.886 CONFIG | ******************************
02:12:03.917 CONFIG | Initial Plan.
02:12:03.917 CONFIG | 0: 600->601->0->1->4->10->11->5->.
02:12:03.917 CONFIG | 1: .
02:12:03.917 CONFIG | ******************************
02:12:03.946 CONFIG | Initial Plan.
02:12:03.946 CONFIG | 0: 600->601->0->1->4->10->11->5->.
02:12:03.946 CONFIG | 1: .
02:12:03.946 CONFIG | ******************************
02:12:03.962 CONFIG | Initial Plan.
02:12:03.962 CONFIG | 0: 600->601->0->1->4->10->11->5->.
02:12:03.962 CONFIG | 1: .
02:12:03.962 CONFIG | ******************************
02:12:03.993 CONFIG | 0.8
02:12:03.993 CONFIG | Wins: 3
02:12:03.993 CONFIG | [auctionResult0] Winner: 1; previous: (Task 5, 15 kg, 1630 CHF, Apeldoorn -> Rotterdam); bids:
02:12:03.993 CONFIG | 	1798
02:12:03.993 CONFIG | 	1630
02:12:03.993 CONFIG | Rotterdam
02:12:16.033 CONFIG | [askPrice] 2625.0 2550.6800000000003
02:12:16.033 WARNING | 6
02:12:16.033 CONFIG | Initial Plan.
02:12:16.033 CONFIG | 0: 600->601->0->1->4->10->11->5->.
02:12:16.033 CONFIG | 1: .
02:12:16.033 CONFIG | ******************************
02:12:16.067 CONFIG | Initial Plan.
02:12:16.067 CONFIG | 0: 600->601->0->1->4->10->11->5->.
02:12:16.067 CONFIG | 1: .
02:12:16.067 CONFIG | ******************************
02:12:16.089 CONFIG | Initial Plan.
02:12:16.089 CONFIG | 0: 600->601->0->1->4->10->11->5->.
02:12:16.089 CONFIG | 1: .
02:12:16.089 CONFIG | ******************************
02:12:16.109 CONFIG | Initial Plan.
02:12:16.109 CONFIG | 0: 600->601->0->1->4->10->11->5->.
02:12:16.109 CONFIG | 1: .
02:12:16.109 CONFIG | ******************************
02:12:16.127 CONFIG | Initial Plan.
02:12:16.127 CONFIG | 0: 600->601->0->1->4->10->11->5->.
02:12:16.127 CONFIG | 1: .
02:12:16.127 CONFIG | ******************************
02:12:16.151 CONFIG | Initial Plan.
02:12:16.151 CONFIG | 0: 12->13->0->1->4->10->11->5->.
02:12:16.151 CONFIG | 1: .
02:12:16.151 CONFIG | ******************************
02:12:16.166 CONFIG | Initial Plan.
02:12:16.166 CONFIG | 0: 600->601->0->12->13->10->1->4->5->11->.
02:12:16.166 CONFIG | 1: .
02:12:16.166 CONFIG | ******************************
02:12:16.207 CONFIG | Initial Plan.
02:12:16.207 CONFIG | 0: 600->601->0->12->13->10->1->4->5->11->.
02:12:16.207 CONFIG | 1: .
02:12:16.207 CONFIG | ******************************
02:12:16.239 CONFIG | Initial Plan.
02:12:16.239 CONFIG | 0: 600->601->0->12->13->10->1->4->5->11->.
02:12:16.239 CONFIG | 1: .
02:12:16.239 CONFIG | ******************************
02:12:16.285 CONFIG | Initial Plan.
02:12:16.285 CONFIG | 0: 600->601->0->12->13->10->1->4->5->11->.
02:12:16.285 CONFIG | 1: .
02:12:16.285 CONFIG | ******************************
02:12:16.317 CONFIG | Initial Plan.
02:12:16.317 CONFIG | 0: 600->601->0->12->13->10->1->4->5->11->.
02:12:16.317 CONFIG | 1: .
02:12:16.317 CONFIG | ******************************
02:12:16.360 CONFIG | 0.7272727272727273
02:12:16.360 CONFIG | Wins: 3
02:12:16.360 CONFIG | [auctionResult0] Winner: 1; previous: (Task 6, 15 kg, 1359 CHF, Eindhoven -> Apeldoorn); bids:
02:12:16.360 CONFIG | 	2551
02:12:16.360 CONFIG | 	1359
02:12:16.360 CONFIG | Rotterdam
02:12:28.395 CONFIG | [askPrice] 2460.0 1699.931681871559
02:12:28.395 WARNING | 7
02:12:28.395 CONFIG | Initial Plan.
02:12:28.395 CONFIG | 0: 600->601->0->12->13->10->1->4->5->11->.
02:12:28.395 CONFIG | 1: .
02:12:28.395 CONFIG | ******************************
02:12:28.446 CONFIG | Initial Plan.
02:12:28.446 CONFIG | 0: 600->601->0->12->13->10->1->4->5->11->.
02:12:28.446 CONFIG | 1: .
02:12:28.446 CONFIG | ******************************
02:12:28.477 CONFIG | Initial Plan.
02:12:28.477 CONFIG | 0: 600->601->0->12->13->10->1->4->5->11->.
02:12:28.477 CONFIG | 1: .
02:12:28.477 CONFIG | ******************************
02:12:28.508 CONFIG | Initial Plan.
02:12:28.508 CONFIG | 0: 600->601->0->12->13->10->1->4->5->11->.
02:12:28.508 CONFIG | 1: .
02:12:28.508 CONFIG | ******************************
02:12:28.539 CONFIG | Initial Plan.
02:12:28.539 CONFIG | 0: 600->601->0->12->13->10->1->4->5->11->.
02:12:28.539 CONFIG | 1: .
02:12:28.539 CONFIG | ******************************
02:12:28.586 CONFIG | Initial Plan.
02:12:28.586 CONFIG | 0: 14->15->0->12->13->10->1->4->5->11->.
02:12:28.586 CONFIG | 1: .
02:12:28.586 CONFIG | ******************************
02:12:28.617 CONFIG | Initial Plan.
02:12:28.617 CONFIG | 0: 600->601->12->14->15->0->1->4->13->10->11->5->.
02:12:28.617 CONFIG | 1: .
02:12:28.617 CONFIG | ******************************
02:12:28.678 CONFIG | Initial Plan.
02:12:28.678 CONFIG | 0: 600->601->12->14->15->0->1->4->13->10->11->5->.
02:12:28.678 CONFIG | 1: .
02:12:28.678 CONFIG | ******************************
02:12:28.741 CONFIG | Initial Plan.
02:12:28.741 CONFIG | 0: 600->601->12->14->15->0->1->4->13->10->11->5->.
02:12:28.741 CONFIG | 1: .
02:12:28.741 CONFIG | ******************************
02:12:28.811 CONFIG | Initial Plan.
02:12:28.811 CONFIG | 0: 600->601->12->14->15->0->1->4->13->10->11->5->.
02:12:28.811 CONFIG | 1: .
02:12:28.811 CONFIG | ******************************
02:12:28.858 CONFIG | Initial Plan.
02:12:28.858 CONFIG | 0: 600->601->12->14->15->0->1->4->13->10->11->5->.
02:12:28.858 CONFIG | 1: .
02:12:28.858 CONFIG | ******************************
02:12:28.921 CONFIG | 0.6611570247933884
02:12:28.921 CONFIG | Wins: 3
02:12:28.921 CONFIG | [auctionResult0] Winner: 1; previous: (Task 7, 15 kg, 822 CHF, Eindhoven -> Rotterdam); bids:
02:12:28.921 CONFIG | 	1700
02:12:28.921 CONFIG | 	822
02:12:28.921 CONFIG | Den Haag
02:12:40.956 CONFIG | [askPrice] 2625.0 1649.046808910779
02:12:40.956 WARNING | 8
02:12:40.956 CONFIG | Initial Plan.
02:12:40.956 CONFIG | 0: 600->601->12->14->15->0->1->4->13->10->11->5->.
02:12:40.956 CONFIG | 1: .
02:12:40.956 CONFIG | ******************************
02:12:41.023 CONFIG | Initial Plan.
02:12:41.023 CONFIG | 0: 600->601->12->14->15->0->1->4->13->10->11->5->.
02:12:41.023 CONFIG | 1: .
02:12:41.023 CONFIG | ******************************
02:12:41.072 CONFIG | Initial Plan.
02:12:41.072 CONFIG | 0: 600->601->12->14->15->0->1->4->13->10->11->5->.
02:12:41.072 CONFIG | 1: .
02:12:41.072 CONFIG | ******************************
02:12:41.128 CONFIG | Initial Plan.
02:12:41.128 CONFIG | 0: 600->601->12->14->15->0->1->4->13->10->11->5->.
02:12:41.128 CONFIG | 1: .
02:12:41.128 CONFIG | ******************************
02:12:41.179 CONFIG | Initial Plan.
02:12:41.179 CONFIG | 0: 600->601->12->14->15->0->1->4->13->10->11->5->.
02:12:41.179 CONFIG | 1: .
02:12:41.179 CONFIG | ******************************
02:12:41.241 CONFIG | Initial Plan.
02:12:41.241 CONFIG | 0: 16->17->12->14->15->0->1->4->13->10->11->5->.
02:12:41.241 CONFIG | 1: .
02:12:41.241 CONFIG | ******************************
02:12:41.304 CONFIG | Initial Plan.
02:12:41.304 CONFIG | 0: 600->601->12->16->13->10->17->14->15->11->0->1->4->5->.
02:12:41.304 CONFIG | 1: .
02:12:41.304 CONFIG | ******************************
02:12:41.366 CONFIG | Initial Plan.
02:12:41.366 CONFIG | 0: 600->601->12->16->13->10->17->14->15->11->0->1->4->5->.
02:12:41.366 CONFIG | 1: .
02:12:41.366 CONFIG | ******************************
02:12:41.442 CONFIG | Initial Plan.
02:12:41.442 CONFIG | 0: 600->601->12->16->13->10->17->14->15->11->0->1->4->5->.
02:12:41.442 CONFIG | 1: .
02:12:41.442 CONFIG | ******************************
02:12:41.520 CONFIG | Initial Plan.
02:12:41.520 CONFIG | 0: 600->601->12->16->13->10->17->14->15->11->0->1->4->5->.
02:12:41.520 CONFIG | 1: .
02:12:41.520 CONFIG | ******************************
02:12:41.598 CONFIG | Initial Plan.
02:12:41.598 CONFIG | 0: 600->601->12->16->13->10->17->14->15->11->0->1->4->5->.
02:12:41.598 CONFIG | 1: .
02:12:41.598 CONFIG | ******************************
02:12:41.661 CONFIG | 0.6010518407212622
02:12:41.661 CONFIG | Wins: 3
02:12:41.661 CONFIG | [auctionResult0] Winner: 1; previous: (Task 8, 15 kg, 1270 CHF, Eindhoven -> Apeldoorn); bids:
02:12:41.661 CONFIG | 	1649
02:12:41.661 CONFIG | 	1270
02:12:53.693 CONFIG | [askPrice] 1838.0 1658.9090909090908
02:12:53.693 WARNING | 9
02:12:53.693 CONFIG | Initial Plan.
02:12:53.693 CONFIG | 0: 600->601->12->16->13->10->17->14->15->11->0->1->4->5->.
02:12:53.693 CONFIG | 1: .
02:12:53.693 CONFIG | ******************************
02:12:53.818 CONFIG | Initial Plan.
02:12:53.818 CONFIG | 0: 600->601->12->16->13->10->17->14->15->11->0->1->4->5->.
02:12:53.818 CONFIG | 1: .
02:12:53.818 CONFIG | ******************************
02:12:53.899 CONFIG | Initial Plan.
02:12:53.899 CONFIG | 0: 600->601->12->16->13->10->17->14->15->11->0->1->4->5->.
02:12:53.899 CONFIG | 1: .
02:12:53.899 CONFIG | ******************************
02:12:54.011 CONFIG | Initial Plan.
02:12:54.011 CONFIG | 0: 600->601->12->16->13->10->17->14->15->11->0->1->4->5->.
02:12:54.011 CONFIG | 1: .
02:12:54.011 CONFIG | ******************************
02:12:54.076 CONFIG | Initial Plan.
02:12:54.076 CONFIG | 0: 600->601->12->16->13->10->17->14->15->11->0->1->4->5->.
02:12:54.076 CONFIG | 1: .
02:12:54.076 CONFIG | ******************************
02:12:54.162 CONFIG | Initial Plan.
02:12:54.162 CONFIG | 0: 18->19->12->16->13->10->17->14->15->11->0->1->4->5->.
02:12:54.162 CONFIG | 1: .
02:12:54.162 CONFIG | ******************************
02:12:54.260 CONFIG | Initial Plan.
02:12:54.260 CONFIG | 0: 600->601->18->14->15->0->1->19->16->12->17->10->13->4->5->11->.
02:12:54.260 CONFIG | 1: .
02:12:54.260 CONFIG | ******************************
02:12:54.419 CONFIG | Initial Plan.
02:12:54.419 CONFIG | 0: 600->601->18->14->15->0->1->19->16->12->17->10->13->4->5->11->.
02:12:54.419 CONFIG | 1: .
02:12:54.419 CONFIG | ******************************
02:12:54.563 CONFIG | Initial Plan.
02:12:54.563 CONFIG | 0: 600->601->18->14->15->0->1->19->16->12->17->10->13->4->5->11->.
02:12:54.563 CONFIG | 1: .
02:12:54.563 CONFIG | ******************************
02:12:54.706 CONFIG | Initial Plan.
02:12:54.706 CONFIG | 0: 600->601->18->14->15->0->1->19->16->12->17->10->13->4->5->11->.
02:12:54.706 CONFIG | 1: .
02:12:54.706 CONFIG | ******************************
02:12:54.842 CONFIG | Initial Plan.
02:12:54.842 CONFIG | 0: 600->601->18->14->15->0->1->19->16->12->17->10->13->4->5->11->.
02:12:54.842 CONFIG | 1: .
02:12:54.842 CONFIG | ******************************
02:12:54.982 CONFIG | 0.5464107642920565
02:12:54.982 CONFIG | Wins: 3
02:12:54.982 CONFIG | [auctionResult0] Winner: 1; previous: (Task 9, 15 kg, 1121 CHF, Eindhoven -> Utrecht); bids:
02:12:54.982 CONFIG | 	1659
02:12:54.982 CONFIG | 	1121
02:13:07.008 CONFIG | [askPrice] 2027.0 1052.378711267107
02:13:07.008 WARNING | 10
02:13:07.008 CONFIG | Initial Plan.
02:13:07.008 CONFIG | 0: 600->601->18->14->15->0->1->19->16->12->17->10->13->4->5->11->.
02:13:07.008 CONFIG | 1: .
02:13:07.008 CONFIG | ******************************
02:13:07.135 CONFIG | Initial Plan.
02:13:07.135 CONFIG | 0: 600->601->18->14->15->0->1->19->16->12->17->10->13->4->5->11->.
02:13:07.135 CONFIG | 1: .
02:13:07.135 CONFIG | ******************************
02:13:07.298 CONFIG | Initial Plan.
02:13:07.298 CONFIG | 0: 600->601->18->14->15->0->1->19->16->12->17->10->13->4->5->11->.
02:13:07.298 CONFIG | 1: .
02:13:07.298 CONFIG | ******************************
02:13:07.463 CONFIG | Initial Plan.
02:13:07.463 CONFIG | 0: 600->601->18->14->15->0->1->19->16->12->17->10->13->4->5->11->.
02:13:07.463 CONFIG | 1: .
02:13:07.463 CONFIG | ******************************
02:13:07.572 CONFIG | Initial Plan.
02:13:07.572 CONFIG | 0: 600->601->18->14->15->0->1->19->16->12->17->10->13->4->5->11->.
02:13:07.572 CONFIG | 1: .
02:13:07.572 CONFIG | ******************************
02:13:07.725 CONFIG | Initial Plan.
02:13:07.725 CONFIG | 0: 20->21->18->14->15->0->1->19->16->12->17->10->13->4->5->11->.
02:13:07.725 CONFIG | 1: .
02:13:07.725 CONFIG | ******************************
02:13:07.905 CONFIG | Initial Plan.
02:13:07.905 CONFIG | 0: 600->601->20->18->21->19->16->12->13->10->17->14->11->15->.
02:13:07.905 CONFIG | 1: 0->1->4->5->.
02:13:07.905 CONFIG | ******************************
02:13:08.058 CONFIG | Initial Plan.
02:13:08.058 CONFIG | 0: 600->601->20->18->21->19->16->12->13->10->17->14->11->15->.
02:13:08.058 CONFIG | 1: 0->1->4->5->.
02:13:08.058 CONFIG | ******************************
02:13:08.259 CONFIG | Initial Plan.
02:13:08.259 CONFIG | 0: 600->601->20->18->21->19->16->12->13->10->17->14->11->15->.
02:13:08.259 CONFIG | 1: 0->1->4->5->.
02:13:08.259 CONFIG | ******************************
02:13:08.385 CONFIG | Initial Plan.
02:13:08.385 CONFIG | 0: 600->601->20->18->21->19->16->12->13->10->17->14->11->15->.
02:13:08.385 CONFIG | 1: 0->1->4->5->.
02:13:08.385 CONFIG | ******************************
02:13:08.479 CONFIG | Initial Plan.
02:13:08.479 CONFIG | 0: 600->601->20->18->21->19->16->12->13->10->17->14->11->15->.
02:13:08.479 CONFIG | 1: 0->1->4->5->.
02:13:08.479 CONFIG | ******************************
02:13:08.626 CONFIG | 0.496737058447324
02:13:08.626 CONFIG | Wins: 3
02:13:08.626 CONFIG | [auctionResult0] Winner: 1; previous: (Task 10, 15 kg, 400 CHF, Eindhoven -> Utrecht); bids:
02:13:08.626 CONFIG | 	1052
02:13:08.626 CONFIG | 	400
02:13:20.658 CONFIG | [askPrice] 342.0 465.81517655897807
02:13:20.658 WARNING | 11
02:13:20.658 CONFIG | Initial Plan.
02:13:20.658 CONFIG | 0: 600->601->20->18->21->19->16->12->13->10->17->14->11->15->.
02:13:20.658 CONFIG | 1: 0->1->4->5->.
02:13:20.658 CONFIG | ******************************
02:13:20.767 CONFIG | Initial Plan.
02:13:20.767 CONFIG | 0: 600->601->20->18->21->19->16->12->13->10->17->14->11->15->.
02:13:20.767 CONFIG | 1: 0->1->4->5->.
02:13:20.767 CONFIG | ******************************
02:13:20.943 CONFIG | Initial Plan.
02:13:20.943 CONFIG | 0: 600->601->20->18->21->19->16->12->13->10->17->14->11->15->.
02:13:20.943 CONFIG | 1: 0->1->4->5->.
02:13:20.943 CONFIG | ******************************
02:13:21.025 CONFIG | Initial Plan.
02:13:21.025 CONFIG | 0: 600->601->20->18->21->19->16->12->13->10->17->14->11->15->.
02:13:21.025 CONFIG | 1: 0->1->4->5->.
02:13:21.025 CONFIG | ******************************
02:13:21.162 CONFIG | Initial Plan.
02:13:21.162 CONFIG | 0: 600->601->20->18->21->19->16->12->13->10->17->14->11->15->.
02:13:21.162 CONFIG | 1: 0->1->4->5->.
02:13:21.162 CONFIG | ******************************
02:13:21.321 CONFIG | Initial Plan.
02:13:21.321 CONFIG | 0: 22->23->20->18->21->19->16->12->13->10->17->14->11->15->.
02:13:21.321 CONFIG | 1: 0->1->4->5->.
02:13:21.321 CONFIG | ******************************
02:13:21.452 CONFIG | Initial Plan.
02:13:21.452 CONFIG | 0: 600->601->20->18->21->19->14->16->15->12->13->17->10->4->11->5->0->22->1->23->.
02:13:21.452 CONFIG | 1: .
02:13:21.452 CONFIG | ******************************
02:13:21.708 CONFIG | Initial Plan.
02:13:21.708 CONFIG | 0: 600->601->20->18->21->19->14->16->15->12->13->17->10->4->11->5->0->22->1->23->.
02:13:21.708 CONFIG | 1: .
02:13:21.708 CONFIG | ******************************
02:13:21.846 CONFIG | Initial Plan.
02:13:21.846 CONFIG | 0: 600->601->20->18->21->19->14->16->15->12->13->17->10->4->11->5->0->22->1->23->.
02:13:21.846 CONFIG | 1: .
02:13:21.846 CONFIG | ******************************
02:13:22.190 CONFIG | Initial Plan.
02:13:22.190 CONFIG | 0: 600->601->20->18->21->19->14->16->15->12->13->17->10->4->11->5->0->22->1->23->.
02:13:22.190 CONFIG | 1: .
02:13:22.190 CONFIG | ******************************
02:13:22.349 CONFIG | Initial Plan.
02:13:22.349 CONFIG | 0: 600->601->20->18->21->19->14->16->15->12->13->17->10->4->11->5->0->22->1->23->.
02:13:22.349 CONFIG | 1: .
02:13:22.349 CONFIG | ******************************
02:13:22.609 CONFIG | Wins: 4
02:13:22.609 CONFIG | [auctionResult0] Winner: 0; previous: (Task 11, 15 kg, 466 CHF, Amsterdam -> Almere); bids:
02:13:22.609 CONFIG | 	466
02:13:22.609 CONFIG | 	1034
02:13:52.811 CONFIG | Reward: 6147.0; Cost: 5096.0
02:13:52.811 CONFIG | Final plan.
02:13:52.811 CONFIG | 0: 12->16->13->17->10->14->15->11->20->18->21->19->22->600->23->601->.
02:13:52.811 CONFIG | 1: 0->1->4->5->.
02:13:52.811 CONFIG | **********************
02:13:52.811 CONFIG | Cost: 9506.0
02:13:52.811 CONFIG | **********************
02:13:52.811 CONFIG | [[Move (Breda), Move (Eindhoven), Pickup (Task 10), Pickup (Task 9), Move (Utrecht), Deliver (Task 10), Deliver (Task 9), Move (Eindhoven), Pickup (Task 8), Pickup (Task 6), Move (Nijmegen), Move (Apeldoorn), Deliver (Task 6), Pickup (Task 5), Deliver (Task 8), Move (Nijmegen), Move (Eindhoven), Pickup (Task 7), Move (Breda), Move (Rotterdam), Deliver (Task 5), Deliver (Task 7)], 660.0, [Pickup (Task 0), Move (Amsterdam), Move (Almere), Deliver (Task 0), Pickup (Task 2), Move (Amsterdam), Move (Den Haag), Deliver (Task 2)], 194.2]
02:13:52.811 CONFIG | Wrote tournament\tour\auction-group_34-group_05.xml
02:13:52.858 INFO | LogistPlatform finished successfully!
02:13:52.858 FINE | Run command: java -Xmx1024m -classpath logist/logist.jar logist.LogistPlatform -o tournament\tour\auction-group_34-group_35.xml -a tournament\tour\agents.xml .\config\auction.xml group_34 group_35
02:13:52.976 CONFIG | Reading .\config\auction.xml
02:13:53.039 CONFIG | Reading config\settings_auction.xml
02:13:53.096 CONFIG | Reading config\topology\the_netherlands.xml
02:13:53.108 CONFIG | Reading tournament\tour\agents.xml
02:13:53.132 CONFIG | Reading config\settings_auction.xml
02:13:53.136 CONFIG | Setup start
02:14:05.168 CONFIG | [askPrice] 1623.0 1192.6797871225867
02:14:05.168 CONFIG | askPrice done
02:14:05.168 CONFIG | 0.7272727272727273
02:14:05.168 CONFIG | Wins: 0
02:14:05.168 CONFIG | [auctionResult0] Winner: 1; previous: (Task 0, 15 kg, 486 CHF, Den Haag -> Almere); bids:
02:14:05.168 CONFIG | 	1193
02:14:05.168 CONFIG | 	486
02:14:17.192 CONFIG | [askPrice] 2027.0 1783.7600000000002
02:14:17.192 CONFIG | adversary positions start
02:14:17.192 CONFIG | askPrice done
02:14:17.192 CONFIG | 0.6611570247933884
02:14:17.192 CONFIG | Wins: 0
02:14:17.192 CONFIG | [auctionResult0] Winner: 1; previous: (Task 1, 15 kg, 997 CHF, Eindhoven -> Rotterdam); bids:
02:14:17.192 CONFIG | 	1784
02:14:17.192 CONFIG | 	997
02:14:17.192 CONFIG | Breda
02:14:29.239 CONFIG | [askPrice] 1290.0 1032.0
02:14:29.239 CONFIG | adversary positions start
02:14:29.239 CONFIG | askPrice done
02:14:29.239 CONFIG | 0.6010518407212622
02:14:29.239 CONFIG | Wins: 0
02:14:29.239 CONFIG | [auctionResult0] Winner: 1; previous: (Task 2, 15 kg, 634 CHF, Almere -> Den Haag); bids:
02:14:29.239 CONFIG | 	1032
02:14:29.239 CONFIG | 	634
02:14:29.239 CONFIG | Utrecht
02:14:41.286 CONFIG | [askPrice] 1838.0 1007.2574373156339
02:14:41.286 CONFIG | adversary positions start
02:14:41.286 CONFIG | askPrice done
02:14:41.286 CONFIG | Wins: 1
02:14:41.286 CONFIG | [auctionResult0] Winner: 0; previous: (Task 3, 15 kg, 1007 CHF, Eindhoven -> Utrecht); bids:
02:14:41.286 CONFIG | 	1007
02:14:41.286 CONFIG | 	1812
02:14:41.286 CONFIG | Apeldoorn
02:14:53.325 CONFIG | [askPrice] 2727.0 1669.2082701636134
02:14:53.325 CONFIG | adversary positions start
02:14:53.325 CONFIG | askPrice done
02:14:53.325 CONFIG | 0.6010518407212622
02:14:53.325 CONFIG | Wins: 1
02:14:53.325 CONFIG | [auctionResult0] Winner: 1; previous: (Task 4, 15 kg, 1006 CHF, Eindhoven -> Almere); bids:
02:14:53.325 CONFIG | 	1669
02:14:53.325 CONFIG | 	1006
02:15:05.355 CONFIG | [askPrice] 2195.0 1238.9336417430015
02:15:05.355 CONFIG | adversary positions start
02:15:05.355 CONFIG | askPrice done
02:15:05.355 CONFIG | Wins: 2
02:15:05.355 CONFIG | [auctionResult0] Winner: 0; previous: (Task 5, 15 kg, 1239 CHF, Apeldoorn -> Rotterdam); bids:
02:15:05.355 CONFIG | 	1239
02:15:05.355 CONFIG | 	2173
02:15:17.381 CONFIG | [askPrice] 2381.0 1456.2385934117508
02:15:17.381 CONFIG | adversary positions start
02:15:17.381 CONFIG | askPrice done
02:15:17.381 CONFIG | Wins: 3
02:15:17.381 CONFIG | [auctionResult0] Winner: 0; previous: (Task 6, 15 kg, 1456 CHF, Eindhoven -> Apeldoorn); bids:
02:15:17.381 CONFIG | 	1456
02:15:17.381 CONFIG | 	1913
02:15:29.415 CONFIG | [askPrice] 1128.0 1013.5
02:15:29.415 CONFIG | adversary positions start
02:15:29.415 CONFIG | askPrice done
02:15:29.431 CONFIG | Wins: 4
02:15:29.431 CONFIG | [auctionResult0] Winner: 0; previous: (Task 7, 15 kg, 1014 CHF, Eindhoven -> Rotterdam); bids:
02:15:29.431 CONFIG | 	1014
02:15:29.431 CONFIG | 	1994
02:15:41.463 CONFIG | [askPrice] -40.0 1096.0
02:15:41.463 CONFIG | adversary positions start
02:15:41.463 CONFIG | askPrice done
02:15:41.463 CONFIG | Wins: 5
02:15:41.463 CONFIG | [auctionResult0] Winner: 0; previous: (Task 8, 15 kg, 1096 CHF, Eindhoven -> Apeldoorn); bids:
02:15:41.463 CONFIG | 	1096
02:15:41.463 CONFIG | 	2308
02:15:53.493 CONFIG | [askPrice] 354.0 919.0
02:15:53.493 CONFIG | adversary positions start
02:15:53.493 CONFIG | askPrice done
02:15:53.493 CONFIG | Wins: 6
02:15:53.493 CONFIG | [auctionResult0] Winner: 0; previous: (Task 9, 15 kg, 919 CHF, Eindhoven -> Utrecht); bids:
02:15:53.493 CONFIG | 	919
02:15:53.493 CONFIG | 	1264
02:16:05.524 CONFIG | [askPrice] 1838.0 1731.8341728420382
02:16:05.524 CONFIG | adversary positions start
02:16:05.524 CONFIG | askPrice done
02:16:05.524 CONFIG | Wins: 7
02:16:05.524 CONFIG | [auctionResult0] Winner: 0; previous: (Task 10, 15 kg, 1732 CHF, Eindhoven -> Utrecht); bids:
02:16:05.524 CONFIG | 	1732
02:16:05.524 CONFIG | 	1866
02:16:17.560 CONFIG | [askPrice] 775.0 866.1362409150696
02:16:17.560 CONFIG | adversary positions start
02:16:17.560 CONFIG | askPrice done
02:16:17.560 CONFIG | Wins: 8
02:16:17.560 CONFIG | [auctionResult0] Winner: 0; previous: (Task 11, 15 kg, 866 CHF, Amsterdam -> Almere); bids:
02:16:17.560 CONFIG | 	866
02:16:17.560 CONFIG | 	918
02:16:47.760 CONFIG | Reward: 9329.0; Cost: 10469.0
02:16:47.762 CONFIG | adversary positions start
02:16:47.889 CONFIG | plan = [Move (Breda), Move (Eindhoven), Pickup (Task 1), Pickup (Task 4), Move (Breda), Move (Rotterdam), Deliver (Task 1), Move (Utrecht), Move (Almere), Deliver (Task 4)], 327.2
02:16:47.889 CONFIG | plan = [Pickup (Task 0), Move (Amsterdam), Move (Almere), Deliver (Task 0), Pickup (Task 2), Move (Amsterdam), Move (Den Haag), Deliver (Task 2)], 194.2
02:16:47.889 CONFIG |  ownfinalCost = 5214.0 .... possibleBetterCost = 5214.0 .... totalBidTime = 0 .... totalPlantTime = 127 .... totalReward = 3123
02:16:49.207 CONFIG | Wrote tournament\tour\auction-group_34-group_35.xml
02:16:49.254 INFO | LogistPlatform finished successfully!
